<?xml version="1.0" encoding="UTF-8"?>
<!-- Generated by org.testng.reporters.JUnitReportReporter -->
<testsuite hostname="DESKTOP-F5HPDN6" failures="0" tests="1" name="aspireapp.loginpagetests.PositiveLogInTests" time="13.036" errors="0" timestamp="26 Feb 2022 09:12:56 GMT" skipped="0">
  <testcase classname="aspireapp.loginpagetests.PositiveLogInTests" name="logInTest" time="13.036"/>
</testsuite> <!-- aspireapp.loginpagetests.PositiveLogInTests -->
