<?xml version="1.0" encoding="UTF-8"?>
<!-- Generated by org.testng.reporters.JUnitReportReporter -->
<testsuite hostname="DESKTOP-F5HPDN6" failures="0" tests="1" name="aspireapp.loginpagetests.ExecuteTests" time="50.556" errors="0" timestamp="2022-02-27T17:05:34 ICT" skipped="0">
  <testcase classname="aspireapp.loginpagetests.ExecuteTests" name="Test1" time="50.556"/>
  <system-out/>
</testsuite> <!-- aspireapp.loginpagetests.ExecuteTests -->
