<?xml version="1.0" encoding="UTF-8"?>
<!-- Generated by org.testng.reporters.JUnitReportReporter -->
<testsuite hostname="DESKTOP-F5HPDN6" failures="0" tests="1" name="aspireapp.loginpagetests.ExecuteTests" time="49.975" errors="0" timestamp="26 Feb 2022 20:43:40 GMT" skipped="0">
  <testcase classname="aspireapp.loginpagetests.ExecuteTests" name="Test1" time="49.975"/>
</testsuite> <!-- aspireapp.loginpagetests.ExecuteTests -->
