<?xml version="1.0" encoding="UTF-8"?>
<!-- Generated by org.testng.reporters.JUnitReportReporter -->
<testsuite hostname="DESKTOP-F5HPDN6" failures="0" tests="1" name="aspireapp.loginpagetests.ExecuteTests" time="51.648" errors="0" timestamp="2022-02-27T22:39:26 ICT" skipped="0">
  <testcase classname="aspireapp.loginpagetests.ExecuteTests" name="Test1" time="51.648"/>
  <system-out/>
</testsuite> <!-- aspireapp.loginpagetests.ExecuteTests -->
